\BOOKMARK [0][-]{chapter.1}{\376\377\000C\000l\000a\000s\000s\000\040\000I\000n\000d\000e\000x}{}% 1
\BOOKMARK [1][-]{section.1.1}{\376\377\000C\000l\000a\000s\000s\000\040\000L\000i\000s\000t}{chapter.1}% 2
\BOOKMARK [0][-]{chapter.2}{\376\377\000C\000l\000a\000s\000s\000\040\000D\000o\000c\000u\000m\000e\000n\000t\000a\000t\000i\000o\000n}{}% 3
\BOOKMARK [1][-]{section.2.1}{\376\377\000d\000i\000s\000:\000:\000C\000a\000t\000a\000l\000a\000n\000P\000a\000t\000h\000s\000\040\000C\000l\000a\000s\000s\000\040\000R\000e\000f\000e\000r\000e\000n\000c\000e}{chapter.2}% 4
\BOOKMARK [1][-]{section.2.2}{\376\377\000d\000i\000s\000:\000:\000c\000o\000m\000b\000i\000n\000a\000t\000i\000o\000n\000s\000<\000\040\000I\000n\000t\000T\000y\000p\000e\000\040\000>\000\040\000C\000l\000a\000s\000s\000\040\000T\000e\000m\000p\000l\000a\000t\000e\000\040\000R\000e\000f\000e\000r\000e\000n\000c\000e}{chapter.2}% 5
\BOOKMARK [1][-]{section.2.3}{\376\377\000d\000i\000s\000:\000:\000c\000o\000m\000b\000i\000n\000a\000t\000i\000o\000n\000s\000<\000\040\000I\000n\000t\000T\000y\000p\000e\000\040\000>\000:\000:\000i\000t\000e\000r\000a\000t\000o\000r\000\040\000C\000l\000a\000s\000s\000\040\000R\000e\000f\000e\000r\000e\000n\000c\000e}{chapter.2}% 6
\BOOKMARK [1][-]{section.2.4}{\376\377\000d\000i\000s\000:\000:\000m\000u\000l\000t\000i\000s\000e\000t\000s\000<\000\040\000I\000n\000t\000T\000y\000p\000e\000\040\000>\000:\000:\000i\000t\000e\000r\000a\000t\000o\000r\000\040\000C\000l\000a\000s\000s\000\040\000R\000e\000f\000e\000r\000e\000n\000c\000e}{chapter.2}% 7
\BOOKMARK [1][-]{section.2.5}{\376\377\000d\000i\000s\000:\000:\000C\000a\000t\000a\000l\000a\000n\000P\000a\000t\000h\000s\000:\000:\000i\000t\000e\000r\000a\000t\000o\000r\000\040\000C\000l\000a\000s\000s\000\040\000R\000e\000f\000e\000r\000e\000n\000c\000e}{chapter.2}% 8
\BOOKMARK [1][-]{section.2.6}{\376\377\000d\000i\000s\000:\000:\000M\000o\000t\000z\000k\000i\000n\000P\000a\000t\000h\000s\000:\000:\000i\000t\000e\000r\000a\000t\000o\000r\000\040\000C\000l\000a\000s\000s\000\040\000R\000e\000f\000e\000r\000e\000n\000c\000e}{chapter.2}% 9
\BOOKMARK [1][-]{section.2.7}{\376\377\000d\000i\000s\000:\000:\000p\000a\000r\000t\000i\000t\000i\000o\000n\000s\000<\000\040\000I\000n\000t\000T\000y\000p\000e\000\040\000>\000:\000:\000i\000t\000e\000r\000a\000t\000o\000r\000\040\000C\000l\000a\000s\000s\000\040\000R\000e\000f\000e\000r\000e\000n\000c\000e}{chapter.2}% 10
\BOOKMARK [1][-]{section.2.8}{\376\377\000d\000i\000s\000:\000:\000s\000u\000b\000s\000e\000t\000s\000:\000:\000i\000t\000e\000r\000a\000t\000o\000r\000\040\000C\000l\000a\000s\000s\000\040\000R\000e\000f\000e\000r\000e\000n\000c\000e}{chapter.2}% 11
\BOOKMARK [1][-]{section.2.9}{\376\377\000d\000i\000s\000:\000:\000L\000e\000x\000i\000c\000o\000g\000r\000a\000p\000h\000i\000c\000O\000r\000d\000e\000r\000<\000\040\000T\000\040\000>\000\040\000C\000l\000a\000s\000s\000\040\000T\000e\000m\000p\000l\000a\000t\000e\000\040\000R\000e\000f\000e\000r\000e\000n\000c\000e}{chapter.2}% 12
\BOOKMARK [1][-]{section.2.10}{\376\377\000d\000i\000s\000:\000:\000M\000o\000t\000z\000k\000i\000n\000P\000a\000t\000h\000s\000\040\000C\000l\000a\000s\000s\000\040\000R\000e\000f\000e\000r\000e\000n\000c\000e}{chapter.2}% 13
\BOOKMARK [1][-]{section.2.11}{\376\377\000d\000i\000s\000:\000:\000M\000u\000l\000t\000i\000s\000e\000t\000I\000t\000e\000r\000a\000t\000o\000r\000<\000\040\000I\000n\000t\000T\000y\000p\000e\000\040\000>\000\040\000C\000l\000a\000s\000s\000\040\000T\000e\000m\000p\000l\000a\000t\000e\000\040\000R\000e\000f\000e\000r\000e\000n\000c\000e}{chapter.2}% 14
\BOOKMARK [1][-]{section.2.12}{\376\377\000d\000i\000s\000:\000:\000M\000u\000l\000t\000i\000s\000e\000t\000I\000t\000e\000r\000a\000t\000o\000r\000D\000e\000c\000r\000e\000a\000s\000i\000n\000g\000O\000r\000d\000e\000r\000<\000\040\000I\000n\000t\000T\000y\000p\000e\000\040\000>\000\040\000C\000l\000a\000s\000s\000\040\000T\000e\000m\000p\000l\000a\000t\000e\000\040\000R\000e\000f\000e\000r\000e\000n\000c\000e}{chapter.2}% 15
\BOOKMARK [1][-]{section.2.13}{\376\377\000d\000i\000s\000:\000:\000m\000u\000l\000t\000i\000s\000e\000t\000s\000<\000\040\000I\000n\000t\000T\000y\000p\000e\000\040\000>\000\040\000C\000l\000a\000s\000s\000\040\000T\000e\000m\000p\000l\000a\000t\000e\000\040\000R\000e\000f\000e\000r\000e\000n\000c\000e}{chapter.2}% 16
\BOOKMARK [1][-]{section.2.14}{\376\377\000d\000i\000s\000:\000:\000p\000a\000r\000t\000i\000t\000i\000o\000n\000s\000<\000\040\000I\000n\000t\000T\000y\000p\000e\000\040\000>\000\040\000C\000l\000a\000s\000s\000\040\000T\000e\000m\000p\000l\000a\000t\000e\000\040\000R\000e\000f\000e\000r\000e\000n\000c\000e}{chapter.2}% 17
\BOOKMARK [1][-]{section.2.15}{\376\377\000d\000i\000s\000:\000:\000S\000u\000b\000s\000e\000t\000I\000t\000e\000r\000a\000t\000o\000r\000\040\000C\000l\000a\000s\000s\000\040\000R\000e\000f\000e\000r\000e\000n\000c\000e}{chapter.2}% 18
\BOOKMARK [1][-]{section.2.16}{\376\377\000d\000i\000s\000:\000:\000S\000u\000b\000s\000e\000t\000I\000t\000e\000r\000a\000t\000o\000r\000D\000e\000c\000r\000e\000a\000s\000i\000n\000g\000O\000r\000d\000e\000r\000\040\000C\000l\000a\000s\000s\000\040\000R\000e\000f\000e\000r\000e\000n\000c\000e}{chapter.2}% 19
\BOOKMARK [1][-]{section.2.17}{\376\377\000d\000i\000s\000:\000:\000s\000u\000b\000s\000e\000t\000s\000\040\000C\000l\000a\000s\000s\000\040\000R\000e\000f\000e\000r\000e\000n\000c\000e}{chapter.2}% 20
\BOOKMARK [-1][-]{section*.32}{\376\377\000I\000n\000d\000e\000x}{}% 21
